# JRE version: Java(TM) SE Runtime Environment (21.0.8+12) (build 21.0.8+12-LTS-250)
# Java VM: Java HotSpot(TM) 64-Bit Server VM (21.0.8+12-LTS-250, mixed mode, sharing, tiered, compressed oops, compressed class ptrs, g1 gc, windows-amd64)
GC Precious Log:
 CardTable entry size: 512
 Card Set container configuration: InlinePtr #cards 4 size 8 Array Of Cards #cards 32 size 80 Howl #buckets 8 coarsen threshold 7372 Howl Bitmap #cards 1024 size 144 coarsen threshold 921 Card regions per heap region 1 cards per card region 8192
 CPUs: 8 total, 8 available
 Memory: 24263M
 Large Page Support: Disabled
 NUMA Support: Disabled
 Compressed Oops: Enabled (Zero based)
 Heap Region Size: 4M
 Heap Min Capacity: 8M
 Heap Initial Capacity: 380M
 Heap Max Capacity: 6068M
 Pre-touch: Disabled
 Parallel Workers: 8
 Concurrent Workers: 2
 Concurrent Refinement Workers: 8
 Periodic GC: Disabled
Heap:
 garbage-first heap   total 159744K, used 67891K [0x0000000684c00000, 0x0000000800000000)
  region size 4096K, 4 young (16384K), 2 survivors (8192K)
 Metaspace       used 34982K, committed 35648K, reserved 1114112K
  class space    used 3873K, committed 4160K, reserved 1048576K
GC Heap History (16 events):
Event: 3.314 GC heap before
{Heap before GC invocations=0 (full 0):
 garbage-first heap   total 389120K, used 20480K [0x0000000684c00000, 0x0000000800000000)
  region size 4096K, 5 young (20480K), 0 survivors (0K)
 Metaspace       used 5566K, committed 5824K, reserved 1114112K
  class space    used 638K, committed 768K, reserved 1048576K
}
Event: 3.355 GC heap after
{Heap after GC invocations=1 (full 0):
 garbage-first heap   total 389120K, used 3620K [0x0000000684c00000, 0x0000000800000000)
  region size 4096K, 1 young (4096K), 1 survivors (4096K)
 Metaspace       used 5566K, committed 5824K, reserved 1114112K
  class space    used 638K, committed 768K, reserved 1048576K
}
Event: 5.501 GC heap before
{Heap before GC invocations=1 (full 0):
 garbage-first heap   total 389120K, used 24100K [0x0000000684c00000, 0x0000000800000000)
  region size 4096K, 6 young (24576K), 1 survivors (4096K)
 Metaspace       used 7267K, committed 7488K, reserved 1114112K
  class space    used 842K, committed 960K, reserved 1048576K
}
Event: 5.512 GC heap after
{Heap after GC invocations=2 (full 0):
 garbage-first heap   total 389120K, used 4655K [0x0000000684c00000, 0x0000000800000000)
  region size 4096K, 1 young (4096K), 1 survivors (4096K)
 Metaspace       used 7267K, committed 7488K, reserved 1114112K
  class space    used 842K, committed 960K, reserved 1048576K
}
Event: 12.759 GC heap before
{Heap before GC invocations=2 (full 0):
 garbage-first heap   total 389120K, used 57903K [0x0000000684c00000, 0x0000000800000000)
  region size 4096K, 15 young (61440K), 1 survivors (4096K)
 Metaspace       used 15645K, committed 15872K, reserved 1114112K
  class space    used 1817K, committed 1920K, reserved 1048576K
}
Event: 12.775 GC heap after
{Heap after GC invocations=3 (full 0):
 garbage-first heap   total 389120K, used 10825K [0x0000000684c00000, 0x0000000800000000)
  region size 4096K, 2 young (8192K), 2 survivors (8192K)
 Metaspace       used 15645K, committed 15872K, reserved 1114112K
  class space    used 1817K, committed 1920K, reserved 1048576K
}
Event: 24.474 GC heap before
{Heap before GC invocations=3 (full 0):
 garbage-first heap   total 389120K, used 170569K [0x0000000684c00000, 0x0000000800000000)
  region size 4096K, 32 young (131072K), 2 survivors (8192K)
 Metaspace       used 21230K, committed 21504K, reserved 1114112K
  class space    used 2430K, committed 2560K, reserved 1048576K
}
Event: 24.505 GC heap after
{Heap after GC invocations=4 (full 0):
 garbage-first heap   total 389120K, used 29937K [0x0000000684c00000, 0x0000000800000000)
  region size 4096K, 5 young (20480K), 5 survivors (20480K)
 Metaspace       used 21230K, committed 21504K, reserved 1114112K
  class space    used 2430K, committed 2560K, reserved 1048576K
}
Event: 35.002 GC heap before
{Heap before GC invocations=5 (full 0):
 garbage-first heap   total 122880K, used 120049K [0x0000000684c00000, 0x0000000800000000)
  region size 4096K, 27 young (110592K), 5 survivors (20480K)
 Metaspace       used 29236K, committed 29632K, reserved 1114112K
  class space    used 3254K, committed 3456K, reserved 1048576K
}
Event: 35.062 GC heap after
{Heap after GC invocations=6 (full 0):
 garbage-first heap   total 159744K, used 42205K [0x0000000684c00000, 0x0000000800000000)
  region size 4096K, 7 young (28672K), 7 survivors (28672K)
 Metaspace       used 29236K, committed 29632K, reserved 1114112K
  class space    used 3254K, committed 3456K, reserved 1048576K
}
Event: 43.087 GC heap before
{Heap before GC invocations=6 (full 0):
 garbage-first heap   total 159744K, used 107741K [0x0000000684c00000, 0x0000000800000000)
  region size 4096K, 23 young (94208K), 7 survivors (28672K)
 Metaspace       used 31537K, committed 32064K, reserved 1114112K
  class space    used 3537K, committed 3776K, reserved 1048576K
}
Event: 43.166 GC heap after
{Heap after GC invocations=7 (full 0):
 garbage-first heap   total 159744K, used 46024K [0x0000000684c00000, 0x0000000800000000)
  region size 4096K, 2 young (8192K), 2 survivors (8192K)
 Metaspace       used 31537K, committed 32064K, reserved 1114112K
  class space    used 3537K, committed 3776K, reserved 1048576K
}
Event: 51.299 GC heap before
{Heap before GC invocations=7 (full 0):
 garbage-first heap   total 159744K, used 132040K [0x0000000684c00000, 0x0000000800000000)
  region size 4096K, 22 young (90112K), 2 survivors (8192K)
 Metaspace       used 32826K, committed 33408K, reserved 1114112K
  class space    used 3627K, committed 3904K, reserved 1048576K
}
Event: 51.339 GC heap after
{Heap after GC invocations=8 (full 0):
 garbage-first heap   total 159744K, used 68409K [0x0000000684c00000, 0x0000000800000000)
  region size 4096K, 3 young (12288K), 3 survivors (12288K)
 Metaspace       used 32826K, committed 33408K, reserved 1114112K
  class space    used 3627K, committed 3904K, reserved 1048576K
}
Event: 54.437 GC heap before
{Heap before GC invocations=8 (full 0):
 garbage-first heap   total 159744K, used 125753K [0x0000000684c00000, 0x0000000800000000)
  region size 4096K, 17 young (69632K), 3 survivors (12288K)
 Metaspace       used 34530K, committed 35136K, reserved 1114112K
  class space    used 3820K, committed 4096K, reserved 1048576K
}
Event: 54.456 GC heap after
{Heap after GC invocations=9 (full 0):
 garbage-first heap   total 159744K, used 67891K [0x0000000684c00000, 0x0000000800000000)
  region size 4096K, 2 young (8192K), 2 survivors (8192K)
 Metaspace       used 34530K, committed 35136K, reserved 1114112K
  class space    used 3820K, committed 4096K, reserved 1048576K
}

